<?xml version="1.0" encoding="UTF-8"?>
<!-- Generated by org.testng.reporters.JUnitReportReporter -->
<testsuite hostname="LAPTOP-9T96KVR7" failures="0" tests="3" name="hemakumar.tests.SubmitOrderTest" time="34.117" errors="0" timestamp="2023-05-15T00:55:42 BST" skipped="0">
  <testcase classname="hemakumar.tests.SubmitOrderTest" name="submitOrder" time="8.929"/>
  <system-out/>
  <testcase classname="hemakumar.tests.SubmitOrderTest" name="submitOrder" time="8.561"/>
  <system-out/>
  <testcase classname="hemakumar.tests.SubmitOrderTest" name="OrderHistoryTest" time="16.627"/>
  <system-out/>
</testsuite> <!-- hemakumar.tests.SubmitOrderTest -->
