<?xml version="1.0" encoding="UTF-8"?>
<!-- Generated by org.testng.reporters.JUnitReportReporter -->
<testsuite hostname="LAPTOP-9T96KVR7" failures="0" tests="2" name="hemakumar.tests.SubmitOrderTest" time="15.373" errors="0" timestamp="2023-05-06T02:15:02 BST" skipped="0">
  <testcase classname="hemakumar.tests.SubmitOrderTest" name="submitOrder" time="7.820"/>
  <system-out/>
  <testcase classname="hemakumar.tests.SubmitOrderTest" name="submitOrder" time="7.553"/>
  <system-out/>
</testsuite> <!-- hemakumar.tests.SubmitOrderTest -->
