<?xml version="1.0" encoding="UTF-8"?>
<!-- Generated by org.testng.reporters.JUnitReportReporter -->
<testsuite hostname="LAPTOP-9T96KVR7" failures="0" tests="1" name="hemakumar.tests.ErrorValidationsTest" time="5.979" errors="0" timestamp="2023-05-06T02:14:39 BST" skipped="0">
  <testcase classname="hemakumar.tests.ErrorValidationsTest" name="LoginErrorValidation" time="5.979"/>
  <system-out/>
</testsuite> <!-- hemakumar.tests.ErrorValidationsTest -->
